<?xml version="1.0" encoding="UTF-8"?>
<testsuite name="test_app.UserApiTestCase-20250731155325" tests="8" file="test_app.py" time="0.091" timestamp="2025-07-31T15:53:29" failures="0" errors="0" skipped="0">
	<testcase classname="test_app.UserApiTestCase" name="test_add_user" time="0.031" timestamp="2025-07-31T15:53:29"/>
	<testcase classname="test_app.UserApiTestCase" name="test_delete_user" time="0.010" timestamp="2025-07-31T15:53:29"/>
	<testcase classname="test_app.UserApiTestCase" name="test_delete_user_not_found" time="0.010" timestamp="2025-07-31T15:53:29"/>
	<testcase classname="test_app.UserApiTestCase" name="test_get_user" time="0.008" timestamp="2025-07-31T15:53:29"/>
	<testcase classname="test_app.UserApiTestCase" name="test_get_user_not_found" time="0.007" timestamp="2025-07-31T15:53:29"/>
	<testcase classname="test_app.UserApiTestCase" name="test_list_users" time="0.007" timestamp="2025-07-31T15:53:29"/>
	<testcase classname="test_app.UserApiTestCase" name="test_update_user" time="0.008" timestamp="2025-07-31T15:53:29"/>
	<testcase classname="test_app.UserApiTestCase" name="test_update_user_missing_fields" time="0.011" timestamp="2025-07-31T15:53:29"/>
</testsuite>
