<?xml version="1.0" encoding="UTF-8"?>
<testsuite name="test_app.UserApiTestCase-20250731155323" tests="8" file="test_app.py" time="0.045" timestamp="2025-07-31T15:53:25" failures="0" errors="0" skipped="0">
	<testcase classname="test_app.UserApiTestCase" name="test_add_user" time="0.012" timestamp="2025-07-31T15:53:25"/>
	<testcase classname="test_app.UserApiTestCase" name="test_delete_user" time="0.005" timestamp="2025-07-31T15:53:25"/>
	<testcase classname="test_app.UserApiTestCase" name="test_delete_user_not_found" time="0.005" timestamp="2025-07-31T15:53:25"/>
	<testcase classname="test_app.UserApiTestCase" name="test_get_user" time="0.004" timestamp="2025-07-31T15:53:25"/>
	<testcase classname="test_app.UserApiTestCase" name="test_get_user_not_found" time="0.005" timestamp="2025-07-31T15:53:25"/>
	<testcase classname="test_app.UserApiTestCase" name="test_list_users" time="0.004" timestamp="2025-07-31T15:53:25"/>
	<testcase classname="test_app.UserApiTestCase" name="test_update_user" time="0.005" timestamp="2025-07-31T15:53:25"/>
	<testcase classname="test_app.UserApiTestCase" name="test_update_user_missing_fields" time="0.005" timestamp="2025-07-31T15:53:25"/>
</testsuite>
